<?xml version="1.0" encoding="UTF-8"?>
<!-- Generated by org.testng.reporters.JUnitReportReporter -->
<testsuite hostname="DESKTOP-0URNJ4J" failures="0" tests="1" name="Parellelexe.A" time="8.572" errors="0" timestamp="2024-06-09T11:44:07 IST" skipped="0">
  <testcase classname="Parellelexe.A" name="TC" time="8.572"/>
  <system-out/>
</testsuite> <!-- Parellelexe.A -->
