<?xml version="1.0" encoding="UTF-8"?>
<!-- Generated by org.testng.reporters.JUnitReportReporter -->
<testsuite hostname="DESKTOP-0URNJ4J" failures="0" tests="1" name="Parellelexe.B" time="10.507" errors="0" timestamp="2024-06-09T11:44:07 IST" skipped="0">
  <testcase classname="Parellelexe.B" name="TC2" time="10.507"/>
  <system-out/>
</testsuite> <!-- Parellelexe.B -->
