<?xml version="1.0" encoding="UTF-8"?>
<!-- Generated by org.testng.reporters.JUnitReportReporter -->
<testsuite hostname="DESKTOP-0URNJ4J" failures="0" tests="3" name="practice.Sample3" time="0.011" errors="0" timestamp="2024-06-09T11:36:40 IST" skipped="0">
  <testcase classname="practice.Sample3" name="Tc8" time="0.002"/>
  <system-out>
    <![CDATA[tc8]]>
  </system-out>
  <testcase classname="practice.Sample3" name="Tc9" time="0.003"/>
  <system-out>
    <![CDATA[tc9]]>
  </system-out>
  <testcase classname="practice.Sample3" name="Tc7" time="0.006"/>
  <system-out>
    <![CDATA[tc7]]>
  </system-out>
</testsuite> <!-- practice.Sample3 -->
