<?xml version="1.0" encoding="UTF-8"?>
<!-- Generated by org.testng.reporters.JUnitReportReporter -->
<testsuite hostname="DESKTOP-0URNJ4J" failures="0" tests="1" name="Testng_practice.DisableTC_usingsuite" time="0.021" errors="0" timestamp="2024-06-11T10:12:28 IST" skipped="0">
  <testcase classname="Testng_practice.DisableTC_usingsuite" name="TC2" time="0.021"/>
  <system-out>
    <![CDATA[Hai]]>
  </system-out>
</testsuite> <!-- Testng_practice.DisableTC_usingsuite -->
