<?xml version="1.0" encoding="UTF-8"?>
<!-- Generated by org.testng.reporters.JUnitReportReporter -->
<testsuite hostname="DESKTOP-0URNJ4J" failures="0" tests="3" name="Test_ng.Enabled" time="0.023" errors="0" timestamp="2024-06-07T10:44:39 IST" skipped="1">
  <testcase classname="Test_ng.Enabled" name="Tc1" time="0.020"/>
  <system-out>
    <![CDATA[Good Afternoon]]>
  </system-out>
  <testcase classname="Test_ng.Enabled" name="Tc3" time="0.003"/>
  <system-out>
    <![CDATA[Good Morning]]>
  </system-out>
  <testcase classname="Test_ng.Enabled" name="Tc2">
    <skipped/>
  </testcase> <!-- Tc2 -->
  <system-out/>
</testsuite> <!-- Test_ng.Enabled -->
