<?xml version="1.0" encoding="UTF-8"?>
<!-- Generated by org.testng.reporters.JUnitReportReporter -->
<testsuite hostname="DESKTOP-0URNJ4J" failures="0" tests="1" name="Test_ng.Annotation_flow" time="0.007" errors="0" timestamp="2024-06-07T10:34:07 IST" skipped="0">
  <testcase classname="Test_ng.Annotation_flow" name="Tc" time="0.007"/>
  <system-out>
    <![CDATA[====Actual TC====]]>
  </system-out>
</testsuite> <!-- Test_ng.Annotation_flow -->
