<?xml version="1.0" encoding="UTF-8"?>
<!-- Generated by org.testng.reporters.JUnitReportReporter -->
<testsuite hostname="DESKTOP-0URNJ4J" failures="0" tests="5" name="Test_ng.Invocation_count" time="0.027" errors="0" timestamp="2024-06-07T10:37:36 IST" skipped="0">
  <testcase classname="Test_ng.Invocation_count" name="Tc" time="0.016"/>
  <system-out>
    <![CDATA[Hello]]>
  </system-out>
  <testcase classname="Test_ng.Invocation_count" name="Tc" time="0.003"/>
  <system-out>
    <![CDATA[Hello]]>
  </system-out>
  <testcase classname="Test_ng.Invocation_count" name="Tc" time="0.003"/>
  <system-out>
    <![CDATA[Hello]]>
  </system-out>
  <testcase classname="Test_ng.Invocation_count" name="Tc" time="0.003"/>
  <system-out>
    <![CDATA[Hello]]>
  </system-out>
  <testcase classname="Test_ng.Invocation_count" name="Tc" time="0.002"/>
  <system-out>
    <![CDATA[Hello]]>
  </system-out>
</testsuite> <!-- Test_ng.Invocation_count -->
