<?xml version="1.0" encoding="UTF-8"?>
<!-- Generated by org.testng.reporters.JUnitReportReporter -->
<testsuite hostname="DESKTOP-0URNJ4J" failures="0" tests="2" name="Testng_practice.GroupExe" time="0.020" errors="0" timestamp="2024-06-11T10:21:14 IST" skipped="0">
  <testcase classname="Testng_practice.GroupExe" name="verifyURL" time="0.017"/>
  <system-out>
    <![CDATA[Hii i am url verification]]>
  </system-out>
  <testcase classname="Testng_practice.GroupExe" name="verifyLnk" time="0.003"/>
  <system-out>
    <![CDATA[Hii i am Link verification]]>
  </system-out>
</testsuite> <!-- Testng_practice.GroupExe -->
