<?xml version="1.0" encoding="UTF-8"?>
<!-- Generated by org.testng.reporters.JUnitReportReporter -->
<testsuite hostname="DESKTOP-0URNJ4J" failures="0" tests="1" name="Test_ng.Demo" time="0.019" errors="0" timestamp="2024-06-05T19:17:39 IST" skipped="0">
  <testcase classname="Test_ng.Demo" name="Tc" time="0.019"/>
  <system-out>
    <![CDATA[Hi]]>
  </system-out>
</testsuite> <!-- Test_ng.Demo -->
