<?xml version="1.0" encoding="UTF-8"?>
<!-- Generated by org.testng.reporters.JUnitReportReporter -->
<testsuite hostname="DESKTOP-0URNJ4J" failures="0" tests="3" name="practice.Sample2" time="0.008" errors="0" timestamp="2024-06-09T11:36:40 IST" skipped="0">
  <testcase classname="practice.Sample2" name="Tc5" time="0.003"/>
  <system-out>
    <![CDATA[tc5]]>
  </system-out>
  <testcase classname="practice.Sample2" name="Tc4" time="0.003"/>
  <system-out>
    <![CDATA[tc4]]>
  </system-out>
  <testcase classname="practice.Sample2" name="Tc6" time="0.002"/>
  <system-out>
    <![CDATA[tc6]]>
  </system-out>
</testsuite> <!-- practice.Sample2 -->
