<?xml version="1.0" encoding="UTF-8"?>
<!-- Generated by org.testng.reporters.JUnitReportReporter -->
<testsuite hostname="DESKTOP-0URNJ4J" failures="0" tests="2" name="Test_ng.Sample" time="0.021" errors="0" timestamp="2024-06-06T18:46:58 IST" skipped="0">
  <testcase classname="Test_ng.Sample" name="Tc1" time="0.018"/>
  <system-out>
    <![CDATA[hii]]>
  </system-out>
  <testcase classname="Test_ng.Sample" name="Tc2" time="0.003"/>
  <system-out>
    <![CDATA[hello world]]>
  </system-out>
</testsuite> <!-- Test_ng.Sample -->
