<?xml version="1.0" encoding="UTF-8"?>
<!-- Generated by org.testng.reporters.JUnitReportReporter -->
<testsuite hostname="DESKTOP-0URNJ4J" failures="0" tests="1" name="Assert.Assert_equals" time="0.027" errors="0" timestamp="2024-06-11T19:50:34 IST" skipped="0">
  <testcase classname="Assert.Assert_equals" name="test" time="0.027"/>
  <system-out>
    <![CDATA[test tunning
Hello, Good Evening]]>
  </system-out>
</testsuite> <!-- Assert.Assert_equals -->
