<?xml version="1.0" encoding="UTF-8"?>
<!-- Generated by org.testng.reporters.JUnitReportReporter -->
<testsuite hostname="DESKTOP-0URNJ4J" failures="0" tests="3" name="practice.Sample1" time="0.035" errors="0" timestamp="2024-06-09T11:36:40 IST" skipped="0">
  <testcase classname="practice.Sample1" name="Tc3" time="0.002"/>
  <system-out>
    <![CDATA[tc3]]>
  </system-out>
  <testcase classname="practice.Sample1" name="Tc2" time="0.003"/>
  <system-out>
    <![CDATA[tc2]]>
  </system-out>
  <testcase classname="practice.Sample1" name="Tc1" time="0.030"/>
  <system-out>
    <![CDATA[tc1]]>
  </system-out>
</testsuite> <!-- practice.Sample1 -->
