<?xml version="1.0" encoding="UTF-8"?>
<!-- Generated by org.testng.reporters.JUnitReportReporter -->
<testsuite hostname="DESKTOP-0URNJ4J" failures="0" tests="3" name="Test_ng.Priority" time="0.021" errors="0" timestamp="2024-06-07T10:42:07 IST" skipped="0">
  <testcase classname="Test_ng.Priority" name="Tc3" time="0.015"/>
  <system-out>
    <![CDATA[Good Morning]]>
  </system-out>
  <testcase classname="Test_ng.Priority" name="Tc1" time="0.003"/>
  <system-out>
    <![CDATA[Good Afternoon]]>
  </system-out>
  <testcase classname="Test_ng.Priority" name="Tc2" time="0.003"/>
  <system-out>
    <![CDATA[Good Evening]]>
  </system-out>
</testsuite> <!-- Test_ng.Priority -->
