<?xml version="1.0" encoding="UTF-8"?>
<!-- Generated by org.testng.reporters.JUnitReportReporter -->
<testsuite hostname="DESKTOP-0URNJ4J" failures="0" tests="1" name="Assert.Assert_true" time="0.020" errors="0" timestamp="2024-06-11T19:56:51 IST" skipped="0">
  <testcase classname="Assert.Assert_true" name="sample" time="0.020"/>
  <system-out>
    <![CDATA[running]]>
  </system-out>
</testsuite> <!-- Assert.Assert_true -->
